<?xml version="1.0" encoding="UTF-8"?>
<!-- Generated by org.testng.reporters.JUnitXMLReporter -->
<testsuite ignored="0" hostname="LAPTOP-A0510HNN" failures="1" tests="1" name="Firefoxtest(failed)(failed)(failed)(failed)" time="14.203" errors="0" timestamp="2024-08-10T21:45:05 IST">
  <testcase classname="aug09.DealsDray" name="startTest" time="7.19">
    <failure type="java.lang.NoClassDefFoundError" message="com/github/zafarkhaja/semver/Version">
      <![CDATA[java.lang.NoClassDefFoundError: com/github/zafarkhaja/semver/Version
at com.assertthat.selenium_shutterbug.utils.web.Browser.takeFullPageScreenshotGeckoDriver(Browser.java:731)
at com.assertthat.selenium_shutterbug.utils.web.Browser.takeFullPageScreenshot(Browser.java:150)
at com.assertthat.selenium_shutterbug.core.Shutterbug.shootPage(Shutterbug.java:154)
at com.assertthat.selenium_shutterbug.core.Shutterbug.shootPage(Shutterbug.java:123)
at aug09.DealsDray.startTest(DealsDray.java:51)
at java.base/java.util.ArrayList.forEach(ArrayList.java:1511)
Caused by: java.lang.ClassNotFoundException: com.github.zafarkhaja.semver.Version
at java.base/jdk.internal.loader.BuiltinClassLoader.loadClass(BuiltinClassLoader.java:641)
at java.base/jdk.internal.loader.ClassLoaders$AppClassLoader.loadClass(ClassLoaders.java:188)
at java.base/java.lang.ClassLoader.loadClass(ClassLoader.java:525)
... 33 more
... Removed 27 stack frames]]>
    </failure>
  </testcase> <!-- startTest -->
</testsuite> <!-- Firefoxtest(failed)(failed)(failed)(failed) -->
