<?xml version="1.0" encoding="UTF-8"?>
<!-- Generated by org.testng.reporters.JUnitXMLReporter -->
<testsuite ignored="0" hostname="LAPTOP-A0510HNN" failures="0" tests="1" name="Firefoxtest(failed)" time="11.488" errors="0" timestamp="2024-08-10T21:52:27 IST">
  <testcase classname="aug09.DealsDray" name="@BeforeTest setup" time="11.449">
    <failure type="java.lang.NoClassDefFoundError" message="com/github/zafarkhaja/semver/Version">
      <![CDATA[java.lang.NoClassDefFoundError: com/github/zafarkhaja/semver/Version
at com.assertthat.selenium_shutterbug.utils.web.Browser.takeFullPageScreenshotGeckoDriver(Browser.java:731)
at com.assertthat.selenium_shutterbug.utils.web.Browser.takeFullPageScreenshot(Browser.java:150)
at com.assertthat.selenium_shutterbug.core.Shutterbug.shootPage(Shutterbug.java:154)
at com.assertthat.selenium_shutterbug.core.Shutterbug.shootPage(Shutterbug.java:123)
at aug09.DealsDray.setup(DealsDray.java:39)
Caused by: java.lang.ClassNotFoundException: com.github.zafarkhaja.semver.Version
at java.base/jdk.internal.loader.BuiltinClassLoader.loadClass(BuiltinClassLoader.java:641)
at java.base/jdk.internal.loader.ClassLoaders$AppClassLoader.loadClass(ClassLoaders.java:188)
at java.base/java.lang.ClassLoader.loadClass(ClassLoader.java:525)
... 29 more
... Removed 24 stack frames]]>
    </failure>
  </testcase> <!-- @BeforeTest setup -->
  <testcase classname="aug09.DealsDray" name="@AfterTest tearDown" time="0.0">
    <skipped/>
  </testcase> <!-- @AfterTest tearDown -->
  <testcase classname="aug09.DealsDray" name="startTest" time="0.0">
    <skipped/>
  </testcase> <!-- startTest -->
</testsuite> <!-- Firefoxtest(failed) -->
